{
"contracts/CryptoPunks.sol":{"l":{"14":1,"15":1,"16":1,"18":1,"19":1,"20":1,"22":1,"23":1,"24":1,"26":1},"path":"/Users/laurafiuza/Desktop/double-trouble/blockchain-backend/contracts/CryptoPunks.sol","s":{"1":1,"2":1,"3":1,"4":1,"5":1,"6":1,"7":1},"b":{},"f":{"1":3,"2":1},"fnMap":{"1":{"name":"constructor","line":9,"loc":{"start":{"line":9,"column":2},"end":{"line":9,"column":47}}},"2":{"name":"createNft","line":13,"loc":{"start":{"line":13,"column":2},"end":{"line":27,"column":2}}}},"statementMap":{"1":{"start":{"line":14,"column":4},"end":{"line":14,"column":26}},"2":{"start":{"line":15,"column":4},"end":{"line":15,"column":65}},"3":{"start":{"line":18,"column":4},"end":{"line":18,"column":26}},"4":{"start":{"line":19,"column":4},"end":{"line":19,"column":65}},"5":{"start":{"line":22,"column":4},"end":{"line":22,"column":26}},"6":{"start":{"line":23,"column":4},"end":{"line":23,"column":65}},"7":{"start":{"line":26,"column":4},"end":{"line":26,"column":27}}},"branchMap":{}},
"contracts/DoubleTrouble.sol":{"l":{"19":4,"20":4,"21":4,"22":4,"23":4,"27":8,"30":6,"31":6,"34":6,"35":6,"36":6,"40":3,"41":3,"44":3,"45":3,"46":3,"50":3,"51":3,"52":4,"53":1,"56":4,"57":1,"61":3,"62":3,"66":1,"70":0,"74":0,"78":2,"82":5,"83":5,"87":6,"88":5,"92":1,"96":4,"97":4,"101":5,"102":3,"103":1,"107":2,"108":0,"109":0,"114":1,"115":1,"116":1,"117":1,"118":1,"122":1,"123":1,"126":1,"127":1,"130":1,"131":1,"132":1,"136":2,"140":5},"path":"/Users/laurafiuza/Desktop/double-trouble/blockchain-backend/contracts/DoubleTrouble.sol","s":{"1":4,"2":4,"3":4,"4":4,"5":4,"6":8,"7":6,"8":6,"9":6,"10":6,"11":6,"12":3,"13":3,"14":3,"15":3,"16":3,"17":3,"18":3,"19":4,"20":1,"21":4,"22":1,"23":3,"24":3,"25":1,"26":0,"27":0,"28":2,"29":5,"30":5,"31":6,"32":5,"33":1,"34":4,"35":4,"36":5,"37":3,"38":1,"39":2,"40":0,"41":0,"42":1,"43":1,"44":1,"45":1,"46":1,"47":1,"48":1,"49":1,"50":1,"51":1,"52":1,"53":1,"54":2,"55":5},"b":{"1":[4,0],"2":[4,0],"3":[6,2],"4":[3,0],"5":[3,0],"6":[1,3],"7":[1,3],"8":[3,0],"9":[5,0],"10":[5,1],"11":[4,0],"12":[3,2],"13":[1,2],"14":[0,2],"15":[0,0],"16":[1,0],"17":[1,0]},"f":{"1":4,"2":8,"3":3,"4":3,"5":1,"6":0,"7":0,"8":2,"9":5,"10":6,"11":1,"12":4,"13":5,"14":2,"15":1,"16":2,"17":5},"fnMap":{"1":{"name":"constructor","line":18,"loc":{"start":{"line":18,"column":2},"end":{"line":24,"column":2}}},"2":{"name":"makeTroublesome","line":26,"loc":{"start":{"line":26,"column":2},"end":{"line":37,"column":2}}},"3":{"name":"unmakeTroublesome","line":39,"loc":{"start":{"line":39,"column":2},"end":{"line":47,"column":2}}},"4":{"name":"_removeRegistered","line":49,"loc":{"start":{"line":49,"column":2},"end":{"line":63,"column":2}}},"5":{"name":"originalCollection","line":65,"loc":{"start":{"line":65,"column":2},"end":{"line":67,"column":2}}},"6":{"name":"safeTransferFrom","line":69,"loc":{"start":{"line":69,"column":2},"end":{"line":71,"column":2}}},"7":{"name":"safeTransferFrom","line":73,"loc":{"start":{"line":73,"column":2},"end":{"line":75,"column":2}}},"8":{"name":"transferFrom","line":77,"loc":{"start":{"line":77,"column":2},"end":{"line":79,"column":2}}},"9":{"name":"forSalePrice","line":81,"loc":{"start":{"line":81,"column":2},"end":{"line":84,"column":2}}},"10":{"name":"lastPurchasePrice","line":86,"loc":{"start":{"line":86,"column":2},"end":{"line":89,"column":2}}},"11":{"name":"tokenURI","line":91,"loc":{"start":{"line":91,"column":2},"end":{"line":93,"column":2}}},"12":{"name":"setPrice","line":95,"loc":{"start":{"line":95,"column":2},"end":{"line":98,"column":2}}},"13":{"name":"buy","line":100,"loc":{"start":{"line":100,"column":2},"end":{"line":104,"column":2}}},"14":{"name":"forceBuy","line":106,"loc":{"start":{"line":106,"column":2},"end":{"line":110,"column":2}}},"15":{"name":"_completeBuy","line":112,"loc":{"start":{"line":112,"column":2},"end":{"line":133,"column":2}}},"16":{"name":"supportsInterface","line":135,"loc":{"start":{"line":135,"column":2},"end":{"line":137,"column":2}}},"17":{"name":"registeredTokens","line":139,"loc":{"start":{"line":139,"column":2},"end":{"line":141,"column":2}}}},"statementMap":{"1":{"start":{"line":19,"column":4},"end":{"line":19,"column":76}},"2":{"start":{"line":20,"column":4},"end":{"line":20,"column":59}},"3":{"start":{"line":21,"column":4},"end":{"line":21,"column":38}},"4":{"start":{"line":22,"column":4},"end":{"line":22,"column":25}},"5":{"start":{"line":23,"column":4},"end":{"line":23,"column":40}},"6":{"start":{"line":27,"column":4},"end":{"line":27,"column":151}},"7":{"start":{"line":30,"column":4},"end":{"line":30,"column":73}},"8":{"start":{"line":31,"column":4},"end":{"line":31,"column":83}},"9":{"start":{"line":34,"column":4},"end":{"line":34,"column":24}},"10":{"start":{"line":35,"column":4},"end":{"line":35,"column":48}},"11":{"start":{"line":36,"column":4},"end":{"line":36,"column":34}},"12":{"start":{"line":40,"column":4},"end":{"line":40,"column":87}},"13":{"start":{"line":41,"column":4},"end":{"line":41,"column":121}},"14":{"start":{"line":44,"column":4},"end":{"line":44,"column":88}},"15":{"start":{"line":45,"column":4},"end":{"line":45,"column":17}},"16":{"start":{"line":46,"column":4},"end":{"line":46,"column":29}},"17":{"start":{"line":50,"column":4},"end":{"line":50,"column":22}},"18":{"start":{"line":51,"column":4},"end":{"line":51,"column":2246}},"19":{"start":{"line":52,"column":6},"end":{"line":52,"column":2315}},"20":{"start":{"line":53,"column":8},"end":{"line":53,"column":19}},"21":{"start":{"line":56,"column":6},"end":{"line":56,"column":2391}},"22":{"start":{"line":57,"column":8},"end":{"line":57,"column":54}},"23":{"start":{"line":61,"column":4},"end":{"line":61,"column":110}},"24":{"start":{"line":62,"column":4},"end":{"line":62,"column":26}},"25":{"start":{"line":66,"column":4},"end":{"line":66,"column":30}},"26":{"start":{"line":70,"column":4},"end":{"line":70,"column":39}},"27":{"start":{"line":74,"column":4},"end":{"line":74,"column":39}},"28":{"start":{"line":78,"column":4},"end":{"line":78,"column":39}},"29":{"start":{"line":82,"column":4},"end":{"line":82,"column":101}},"30":{"start":{"line":83,"column":4},"end":{"line":83,"column":34}},"31":{"start":{"line":87,"column":4},"end":{"line":87,"column":101}},"32":{"start":{"line":88,"column":4},"end":{"line":88,"column":39}},"33":{"start":{"line":92,"column":4},"end":{"line":92,"column":65}},"34":{"start":{"line":96,"column":4},"end":{"line":96,"column":87}},"35":{"start":{"line":97,"column":4},"end":{"line":97,"column":34}},"36":{"start":{"line":101,"column":4},"end":{"line":101,"column":62}},"37":{"start":{"line":102,"column":4},"end":{"line":102,"column":98}},"38":{"start":{"line":103,"column":4},"end":{"line":103,"column":47}},"39":{"start":{"line":107,"column":4},"end":{"line":107,"column":94}},"40":{"start":{"line":108,"column":4},"end":{"line":108,"column":120}},"41":{"start":{"line":109,"column":4},"end":{"line":109,"column":47}},"42":{"start":{"line":114,"column":4},"end":{"line":114,"column":39}},"43":{"start":{"line":115,"column":4},"end":{"line":115,"column":41}},"44":{"start":{"line":116,"column":4},"end":{"line":116,"column":44}},"45":{"start":{"line":117,"column":4},"end":{"line":117,"column":30}},"46":{"start":{"line":118,"column":4},"end":{"line":118,"column":47}},"47":{"start":{"line":122,"column":4},"end":{"line":122,"column":85}},"48":{"start":{"line":123,"column":4},"end":{"line":123,"column":56}},"49":{"start":{"line":126,"column":4},"end":{"line":126,"column":49}},"50":{"start":{"line":127,"column":4},"end":{"line":127,"column":70}},"51":{"start":{"line":130,"column":4},"end":{"line":130,"column":67}},"52":{"start":{"line":131,"column":4},"end":{"line":131,"column":64}},"53":{"start":{"line":132,"column":4},"end":{"line":132,"column":61}},"54":{"start":{"line":136,"column":4},"end":{"line":136,"column":76}},"55":{"start":{"line":140,"column":4},"end":{"line":140,"column":28}}},"branchMap":{"1":{"line":19,"type":"if","locations":[{"start":{"line":19,"column":4},"end":{"line":19,"column":4}},{"start":{"line":19,"column":4},"end":{"line":19,"column":4}}]},"2":{"line":20,"type":"if","locations":[{"start":{"line":20,"column":4},"end":{"line":20,"column":4}},{"start":{"line":20,"column":4},"end":{"line":20,"column":4}}]},"3":{"line":27,"type":"if","locations":[{"start":{"line":27,"column":4},"end":{"line":27,"column":4}},{"start":{"line":27,"column":4},"end":{"line":27,"column":4}}]},"4":{"line":40,"type":"if","locations":[{"start":{"line":40,"column":4},"end":{"line":40,"column":4}},{"start":{"line":40,"column":4},"end":{"line":40,"column":4}}]},"5":{"line":41,"type":"if","locations":[{"start":{"line":41,"column":4},"end":{"line":41,"column":4}},{"start":{"line":41,"column":4},"end":{"line":41,"column":4}}]},"6":{"line":52,"type":"if","locations":[{"start":{"line":52,"column":6},"end":{"line":52,"column":6}},{"start":{"line":52,"column":6},"end":{"line":52,"column":6}}]},"7":{"line":56,"type":"if","locations":[{"start":{"line":56,"column":6},"end":{"line":56,"column":6}},{"start":{"line":56,"column":6},"end":{"line":56,"column":6}}]},"8":{"line":61,"type":"if","locations":[{"start":{"line":61,"column":4},"end":{"line":61,"column":4}},{"start":{"line":61,"column":4},"end":{"line":61,"column":4}}]},"9":{"line":82,"type":"if","locations":[{"start":{"line":82,"column":4},"end":{"line":82,"column":4}},{"start":{"line":82,"column":4},"end":{"line":82,"column":4}}]},"10":{"line":87,"type":"if","locations":[{"start":{"line":87,"column":4},"end":{"line":87,"column":4}},{"start":{"line":87,"column":4},"end":{"line":87,"column":4}}]},"11":{"line":96,"type":"if","locations":[{"start":{"line":96,"column":4},"end":{"line":96,"column":4}},{"start":{"line":96,"column":4},"end":{"line":96,"column":4}}]},"12":{"line":101,"type":"if","locations":[{"start":{"line":101,"column":4},"end":{"line":101,"column":4}},{"start":{"line":101,"column":4},"end":{"line":101,"column":4}}]},"13":{"line":102,"type":"if","locations":[{"start":{"line":102,"column":4},"end":{"line":102,"column":4}},{"start":{"line":102,"column":4},"end":{"line":102,"column":4}}]},"14":{"line":107,"type":"if","locations":[{"start":{"line":107,"column":4},"end":{"line":107,"column":4}},{"start":{"line":107,"column":4},"end":{"line":107,"column":4}}]},"15":{"line":108,"type":"if","locations":[{"start":{"line":108,"column":4},"end":{"line":108,"column":4}},{"start":{"line":108,"column":4},"end":{"line":108,"column":4}}]},"16":{"line":123,"type":"if","locations":[{"start":{"line":123,"column":4},"end":{"line":123,"column":4}},{"start":{"line":123,"column":4},"end":{"line":123,"column":4}}]},"17":{"line":132,"type":"if","locations":[{"start":{"line":132,"column":4},"end":{"line":132,"column":4}},{"start":{"line":132,"column":4},"end":{"line":132,"column":4}}]}}},
"contracts/DoubleTroubleOrchestrator.sol":{"l":{"15":3,"16":3,"20":6,"23":4,"24":4,"25":4,"29":14,"33":2,"34":2,"35":1,"38":2,"42":6,"43":4,"44":4,"48":0,"49":0,"50":0,"53":0,"62":7,"63":7,"64":4,"65":2,"72":5,"76":2,"77":2,"81":2,"82":2,"86":2,"87":2,"88":2,"89":2,"90":2,"91":2,"92":2,"94":2,"95":2,"96":2,"98":2,"99":2,"101":2,"102":1,"103":1,"104":1,"109":2,"110":1,"111":1,"112":1,"117":2,"118":2,"119":2,"121":2,"122":2,"124":2,"125":2,"126":22,"129":2,"133":2,"135":2,"143":2,"144":1,"146":1,"147":1,"148":1,"149":1,"150":1,"152":1,"153":1,"154":1,"155":1,"156":1,"158":1,"162":4,"163":4,"164":80,"165":80,"166":80,"167":80,"168":80,"170":4,"174":160,"189":4,"202":4,"203":4,"206":4,"209":4,"211":4,"213":4,"250":4},"path":"/Users/laurafiuza/Desktop/double-trouble/blockchain-backend/contracts/DoubleTroubleOrchestrator.sol","s":{"1":3,"2":3,"3":6,"4":4,"5":4,"6":4,"7":14,"8":2,"9":2,"10":1,"11":2,"12":6,"13":4,"14":4,"15":0,"16":0,"17":0,"18":0,"19":7,"20":7,"21":4,"22":2,"23":5,"24":2,"25":2,"26":2,"27":2,"28":2,"29":2,"30":2,"31":2,"32":2,"33":2,"34":2,"35":2,"36":2,"37":2,"38":2,"39":2,"40":2,"41":1,"42":1,"43":1,"44":2,"45":1,"46":1,"47":1,"48":2,"49":2,"50":2,"51":2,"52":2,"53":2,"54":2,"55":22,"56":2,"57":2,"58":2,"59":2,"60":1,"61":1,"62":1,"63":1,"64":1,"65":1,"66":1,"67":1,"68":1,"69":1,"70":1,"71":4,"72":4,"73":80,"74":80,"75":80,"76":80,"77":80,"78":4,"79":160,"80":100,"81":60,"82":4,"83":4,"84":4,"85":0,"86":4,"87":4,"88":4,"89":4},"b":{"1":[4,2],"2":[4,2],"3":[0,0],"4":[4,3],"5":[2,0],"6":[2,0],"7":[2,0],"8":[1,1],"9":[100,60],"10":[0,4]},"f":{"1":3,"2":6,"3":14,"4":2,"5":6,"6":0,"7":7,"8":2,"9":2,"10":2,"11":2,"12":4,"13":160,"14":4,"15":4},"fnMap":{"1":{"name":"constructor","line":14,"loc":{"start":{"line":14,"column":2},"end":{"line":17,"column":2}}},"2":{"name":"makeTroublesomeCollection","line":19,"loc":{"start":{"line":19,"column":2},"end":{"line":26,"column":2}}},"3":{"name":"troublesomeCollection","line":28,"loc":{"start":{"line":28,"column":2},"end":{"line":30,"column":2}}},"4":{"name":"registeredCollections","line":32,"loc":{"start":{"line":32,"column":2},"end":{"line":39,"column":2}}},"5":{"name":"registeredCollection","line":41,"loc":{"start":{"line":41,"column":2},"end":{"line":45,"column":2}}},"6":{"name":"tokenIdForTroublesomeCollection","line":47,"loc":{"start":{"line":47,"column":2},"end":{"line":54,"column":2}}},"7":{"name":"trblOwnerOf","line":60,"loc":{"start":{"line":60,"column":2},"end":{"line":73,"column":2}}},"8":{"name":"getOriginalCollectionName","line":75,"loc":{"start":{"line":75,"column":2},"end":{"line":78,"column":2}}},"9":{"name":"getOriginalCollectionSymbol","line":80,"loc":{"start":{"line":80,"column":2},"end":{"line":83,"column":2}}},"10":{"name":"tokenURI","line":85,"loc":{"start":{"line":85,"column":2},"end":{"line":136,"column":2}}},"11":{"name":"toString","line":140,"loc":{"start":{"line":140,"column":2},"end":{"line":159,"column":2}}},"12":{"name":"toString","line":161,"loc":{"start":{"line":161,"column":2},"end":{"line":171,"column":1}}},"13":{"name":"char","line":173,"loc":{"start":{"line":173,"column":2},"end":{"line":176,"column":2}}},"14":{"name":"makeNew","line":187,"loc":{"start":{"line":187,"column":2},"end":{"line":190,"column":2}}},"15":{"name":"encode","line":201,"loc":{"start":{"line":201,"column":4},"end":{"line":251,"column":4}}}},"statementMap":{"1":{"start":{"line":15,"column":4},"end":{"line":15,"column":25}},"2":{"start":{"line":16,"column":4},"end":{"line":16,"column":25}},"3":{"start":{"line":20,"column":4},"end":{"line":20,"column":110}},"4":{"start":{"line":23,"column":4},"end":{"line":23,"column":118}},"5":{"start":{"line":24,"column":4},"end":{"line":24,"column":51}},"6":{"start":{"line":25,"column":4},"end":{"line":25,"column":45}},"7":{"start":{"line":29,"column":4},"end":{"line":29,"column":49}},"8":{"start":{"line":33,"column":4},"end":{"line":33,"column":85}},"9":{"start":{"line":34,"column":4},"end":{"line":34,"column":1478}},"10":{"start":{"line":35,"column":6},"end":{"line":35,"column":87}},"11":{"start":{"line":38,"column":4},"end":{"line":38,"column":54}},"12":{"start":{"line":42,"column":4},"end":{"line":42,"column":74}},"13":{"start":{"line":43,"column":4},"end":{"line":43,"column":54}},"14":{"start":{"line":44,"column":4},"end":{"line":44,"column":65}},"15":{"start":{"line":48,"column":4},"end":{"line":48,"column":2108}},"16":{"start":{"line":49,"column":6},"end":{"line":49,"column":2175}},"17":{"start":{"line":50,"column":8},"end":{"line":50,"column":16}},"18":{"start":{"line":53,"column":4},"end":{"line":53,"column":33}},"19":{"start":{"line":62,"column":4},"end":{"line":62,"column":70}},"20":{"start":{"line":63,"column":4},"end":{"line":63,"column":2823}},"21":{"start":{"line":64,"column":6},"end":{"line":64,"column":2870}},"22":{"start":{"line":65,"column":8},"end":{"line":65,"column":20}},"23":{"start":{"line":72,"column":4},"end":{"line":72,"column":27}},"24":{"start":{"line":76,"column":4},"end":{"line":76,"column":74}},"25":{"start":{"line":77,"column":4},"end":{"line":77,"column":66}},"26":{"start":{"line":81,"column":4},"end":{"line":81,"column":74}},"27":{"start":{"line":82,"column":4},"end":{"line":82,"column":68}},"28":{"start":{"line":86,"column":4},"end":{"line":86,"column":74}},"29":{"start":{"line":87,"column":4},"end":{"line":87,"column":13}},"30":{"start":{"line":88,"column":4},"end":{"line":88,"column":13}},"31":{"start":{"line":89,"column":4},"end":{"line":89,"column":46}},"32":{"start":{"line":90,"column":4},"end":{"line":90,"column":44}},"33":{"start":{"line":91,"column":4},"end":{"line":91,"column":46}},"34":{"start":{"line":92,"column":4},"end":{"line":92,"column":48}},"35":{"start":{"line":94,"column":4},"end":{"line":94,"column":27}},"36":{"start":{"line":95,"column":4},"end":{"line":95,"column":24}},"37":{"start":{"line":96,"column":4},"end":{"line":96,"column":278}},"38":{"start":{"line":98,"column":4},"end":{"line":98,"column":69}},"39":{"start":{"line":99,"column":4},"end":{"line":99,"column":32}},"40":{"start":{"line":101,"column":4},"end":{"line":101,"column":4461}},"41":{"start":{"line":102,"column":6},"end":{"line":102,"column":60}},"42":{"start":{"line":103,"column":6},"end":{"line":103,"column":29}},"43":{"start":{"line":104,"column":6},"end":{"line":104,"column":34}},"44":{"start":{"line":109,"column":4},"end":{"line":109,"column":4739}},"45":{"start":{"line":110,"column":6},"end":{"line":110,"column":60}},"46":{"start":{"line":111,"column":6},"end":{"line":111,"column":31}},"47":{"start":{"line":112,"column":6},"end":{"line":112,"column":34}},"48":{"start":{"line":117,"column":4},"end":{"line":117,"column":58}},"49":{"start":{"line":118,"column":4},"end":{"line":118,"column":75}},"50":{"start":{"line":119,"column":4},"end":{"line":119,"column":66}},"51":{"start":{"line":121,"column":4},"end":{"line":121,"column":81}},"52":{"start":{"line":122,"column":4},"end":{"line":122,"column":38}},"53":{"start":{"line":124,"column":4},"end":{"line":124,"column":24}},"54":{"start":{"line":125,"column":4},"end":{"line":125,"column":5384}},"55":{"start":{"line":126,"column":6},"end":{"line":126,"column":56}},"56":{"start":{"line":129,"column":4},"end":{"line":129,"column":5599}},"57":{"start":{"line":133,"column":4},"end":{"line":133,"column":75}},"58":{"start":{"line":135,"column":4},"end":{"line":135,"column":17}},"59":{"start":{"line":143,"column":4},"end":{"line":143,"column":6651}},"60":{"start":{"line":144,"column":8},"end":{"line":144,"column":18}},"61":{"start":{"line":146,"column":4},"end":{"line":146,"column":24}},"62":{"start":{"line":147,"column":4},"end":{"line":147,"column":18}},"63":{"start":{"line":148,"column":4},"end":{"line":148,"column":6745}},"64":{"start":{"line":150,"column":8},"end":{"line":150,"column":17}},"65":{"start":{"line":152,"column":4},"end":{"line":152,"column":43}},"66":{"start":{"line":153,"column":4},"end":{"line":153,"column":6858}},"67":{"start":{"line":154,"column":8},"end":{"line":154,"column":18}},"68":{"start":{"line":155,"column":8},"end":{"line":155,"column":63}},"69":{"start":{"line":156,"column":8},"end":{"line":156,"column":18}},"70":{"start":{"line":158,"column":4},"end":{"line":158,"column":25}},"71":{"start":{"line":162,"column":4},"end":{"line":162,"column":34}},"72":{"start":{"line":163,"column":4},"end":{"line":163,"column":7136}},"73":{"start":{"line":164,"column":8},"end":{"line":164,"column":70}},"74":{"start":{"line":165,"column":8},"end":{"line":165,"column":41}},"75":{"start":{"line":166,"column":8},"end":{"line":166,"column":53}},"76":{"start":{"line":167,"column":8},"end":{"line":167,"column":24}},"77":{"start":{"line":168,"column":8},"end":{"line":168,"column":26}},"78":{"start":{"line":170,"column":4},"end":{"line":170,"column":52}},"79":{"start":{"line":174,"column":6},"end":{"line":174,"column":7562}},"80":{"start":{"line":174,"column":25},"end":{"line":174,"column":55}},"81":{"start":{"line":175,"column":11},"end":{"line":175,"column":41}},"82":{"start":{"line":189,"column":4},"end":{"line":189,"column":73}},"83":{"start":{"line":202,"column":8},"end":{"line":202,"column":33}},"84":{"start":{"line":203,"column":8},"end":{"line":203,"column":31}},"85":{"start":{"line":203,"column":22},"end":{"line":203,"column":31}},"86":{"start":{"line":206,"column":8},"end":{"line":206,"column":48}},"87":{"start":{"line":209,"column":8},"end":{"line":209,"column":56}},"88":{"start":{"line":211,"column":8},"end":{"line":211,"column":34}},"89":{"start":{"line":250,"column":8},"end":{"line":250,"column":29}}},"branchMap":{"1":{"line":20,"type":"if","locations":[{"start":{"line":20,"column":4},"end":{"line":20,"column":4}},{"start":{"line":20,"column":4},"end":{"line":20,"column":4}}]},"2":{"line":42,"type":"if","locations":[{"start":{"line":42,"column":4},"end":{"line":42,"column":4}},{"start":{"line":42,"column":4},"end":{"line":42,"column":4}}]},"3":{"line":49,"type":"if","locations":[{"start":{"line":49,"column":6},"end":{"line":49,"column":6}},{"start":{"line":49,"column":6},"end":{"line":49,"column":6}}]},"4":{"line":63,"type":"if","locations":[{"start":{"line":63,"column":4},"end":{"line":63,"column":4}},{"start":{"line":63,"column":4},"end":{"line":63,"column":4}}]},"5":{"line":76,"type":"if","locations":[{"start":{"line":76,"column":4},"end":{"line":76,"column":4}},{"start":{"line":76,"column":4},"end":{"line":76,"column":4}}]},"6":{"line":81,"type":"if","locations":[{"start":{"line":81,"column":4},"end":{"line":81,"column":4}},{"start":{"line":81,"column":4},"end":{"line":81,"column":4}}]},"7":{"line":86,"type":"if","locations":[{"start":{"line":86,"column":4},"end":{"line":86,"column":4}},{"start":{"line":86,"column":4},"end":{"line":86,"column":4}}]},"8":{"line":143,"type":"if","locations":[{"start":{"line":143,"column":4},"end":{"line":143,"column":4}},{"start":{"line":143,"column":4},"end":{"line":143,"column":4}}]},"9":{"line":174,"type":"if","locations":[{"start":{"line":174,"column":6},"end":{"line":174,"column":6}},{"start":{"line":174,"column":6},"end":{"line":174,"column":6}}]},"10":{"line":203,"type":"if","locations":[{"start":{"line":203,"column":8},"end":{"line":203,"column":8}},{"start":{"line":203,"column":8},"end":{"line":203,"column":8}}]}}}}
