TN:
SF:/Users/laurafiuza/Desktop/double-trouble/blockchain-backend/contracts/CryptoPunks.sol
FN:9,constructor
FN:13,createNft
FNF:2
FNH:2
FNDA:3,constructor
FNDA:1,createNft
DA:14,1
DA:15,1
DA:16,1
DA:18,1
DA:19,1
DA:20,1
DA:22,1
DA:23,1
DA:24,1
DA:26,1
LF:10
LH:10
BRF:0
BRH:0
end_of_record
TN:
SF:/Users/laurafiuza/Desktop/double-trouble/blockchain-backend/contracts/DoubleTrouble.sol
FN:18,constructor
FN:26,makeTroublesome
FN:39,unmakeTroublesome
FN:49,_removeRegistered
FN:65,originalCollection
FN:69,safeTransferFrom
FN:73,safeTransferFrom
FN:77,transferFrom
FN:81,forSalePrice
FN:86,lastPurchasePrice
FN:91,tokenURI
FN:95,setPrice
FN:100,buy
FN:106,forceBuy
FN:112,_completeBuy
FN:135,supportsInterface
FN:139,registeredTokens
FNF:17
FNH:15
FNDA:1,constructor
FNDA:6,makeTroublesome
FNDA:3,unmakeTroublesome
FNDA:3,_removeRegistered
FNDA:1,originalCollection
FNDA:0,safeTransferFrom
FNDA:0,safeTransferFrom
FNDA:2,transferFrom
FNDA:5,forSalePrice
FNDA:6,lastPurchasePrice
FNDA:1,tokenURI
FNDA:4,setPrice
FNDA:5,buy
FNDA:2,forceBuy
FNDA:1,_completeBuy
FNDA:2,supportsInterface
FNDA:5,registeredTokens
DA:19,1
DA:20,1
DA:21,1
DA:22,1
DA:23,1
DA:27,6
DA:30,4
DA:31,4
DA:34,4
DA:35,4
DA:36,4
DA:40,3
DA:41,3
DA:44,3
DA:45,3
DA:46,3
DA:50,3
DA:51,3
DA:52,4
DA:53,1
DA:56,4
DA:57,1
DA:61,3
DA:62,3
DA:66,1
DA:70,0
DA:74,0
DA:78,2
DA:82,5
DA:83,5
DA:87,6
DA:88,5
DA:92,1
DA:96,4
DA:97,4
DA:101,5
DA:102,3
DA:103,1
DA:107,2
DA:108,0
DA:109,0
DA:114,1
DA:115,1
DA:116,1
DA:117,1
DA:118,1
DA:122,1
DA:123,1
DA:126,1
DA:127,1
DA:130,1
DA:131,1
DA:132,1
DA:136,2
DA:140,5
LF:55
LH:51
BRDA:19,1,0,1
BRDA:19,1,1,0
BRDA:20,2,0,1
BRDA:20,2,1,0
BRDA:27,3,0,4
BRDA:27,3,1,2
BRDA:40,4,0,3
BRDA:40,4,1,0
BRDA:41,5,0,3
BRDA:41,5,1,0
BRDA:52,6,0,1
BRDA:52,6,1,3
BRDA:56,7,0,1
BRDA:56,7,1,3
BRDA:61,8,0,3
BRDA:61,8,1,0
BRDA:82,9,0,5
BRDA:82,9,1,0
BRDA:87,10,0,5
BRDA:87,10,1,1
BRDA:96,11,0,4
BRDA:96,11,1,0
BRDA:101,12,0,3
BRDA:101,12,1,2
BRDA:102,13,0,1
BRDA:102,13,1,2
BRDA:107,14,0,0
BRDA:107,14,1,2
BRDA:108,15,0,0
BRDA:108,15,1,0
BRDA:123,16,0,1
BRDA:123,16,1,0
BRDA:132,17,0,1
BRDA:132,17,1,0
BRF:34
BRH:22
end_of_record
TN:
SF:/Users/laurafiuza/Desktop/double-trouble/blockchain-backend/contracts/DoubleTroubleOrchestrator.sol
FN:14,constructor
FN:19,makeTroublesomeCollection
FN:28,troublesomeCollection
FN:32,registeredCollections
FN:41,registeredCollection
FN:47,tokenIdForTroublesomeCollection
FN:60,trblOwnerOf
FN:75,getOriginalCollectionName
FN:80,getOriginalCollectionSymbol
FN:85,tokenURI
FN:140,toString
FN:161,toString
FN:173,char
FN:187,makeNew
FN:201,encode
FNF:15
FNH:5
FNDA:3,constructor
FNDA:1,makeTroublesomeCollection
FNDA:2,troublesomeCollection
FNDA:0,registeredCollections
FNDA:0,registeredCollection
FNDA:0,tokenIdForTroublesomeCollection
FNDA:1,trblOwnerOf
FNDA:0,getOriginalCollectionName
FNDA:0,getOriginalCollectionSymbol
FNDA:0,tokenURI
FNDA:0,toString
FNDA:0,toString
FNDA:0,char
FNDA:1,makeNew
FNDA:0,encode
DA:15,3
DA:16,3
DA:20,1
DA:23,1
DA:24,1
DA:25,1
DA:29,2
DA:33,0
DA:34,0
DA:35,0
DA:38,0
DA:42,0
DA:43,0
DA:44,0
DA:48,0
DA:49,0
DA:50,0
DA:53,0
DA:62,1
DA:63,1
DA:64,0
DA:65,0
DA:72,1
DA:76,0
DA:77,0
DA:81,0
DA:82,0
DA:86,0
DA:87,0
DA:88,0
DA:89,0
DA:90,0
DA:91,0
DA:92,0
DA:94,0
DA:95,0
DA:96,0
DA:98,0
DA:99,0
DA:101,0
DA:102,0
DA:103,0
DA:104,0
DA:109,0
DA:110,0
DA:111,0
DA:112,0
DA:117,0
DA:118,0
DA:119,0
DA:121,0
DA:122,0
DA:124,0
DA:125,0
DA:126,0
DA:129,0
DA:133,0
DA:135,0
DA:143,0
DA:144,0
DA:146,0
DA:147,0
DA:148,0
DA:149,0
DA:150,0
DA:152,0
DA:153,0
DA:154,0
DA:155,0
DA:156,0
DA:158,0
DA:162,0
DA:163,0
DA:164,0
DA:165,0
DA:166,0
DA:167,0
DA:168,0
DA:170,0
DA:174,0
DA:189,1
DA:202,0
DA:203,0
DA:206,0
DA:209,0
DA:211,0
DA:213,0
DA:250,0
LF:88
LH:11
BRDA:20,1,0,1
BRDA:20,1,1,0
BRDA:42,2,0,0
BRDA:42,2,1,0
BRDA:49,3,0,0
BRDA:49,3,1,0
BRDA:63,4,0,0
BRDA:63,4,1,1
BRDA:76,5,0,0
BRDA:76,5,1,0
BRDA:81,6,0,0
BRDA:81,6,1,0
BRDA:86,7,0,0
BRDA:86,7,1,0
BRDA:143,8,0,0
BRDA:143,8,1,0
BRDA:174,9,0,0
BRDA:174,9,1,0
BRDA:203,10,0,0
BRDA:203,10,1,0
BRF:20
BRH:2
end_of_record
